<?xml version="1.0" encoding="UTF-8"?>
<!-- Generated by org.testng.reporters.JUnitReportReporter -->
<testsuite hostname="Gilbertos-MacBook-Pro.local" failures="0" tests="1" name="com.mobileframework.InitialTests_iOS" time="1.262" errors="0" timestamp="2024-01-10T13:53:02 CST" skipped="0">
  <testcase classname="com.mobileframework.InitialTests_iOS" name="firstTest_iOS" time="1.262"/>
  <system-out/>
</testsuite> <!-- com.mobileframework.InitialTests_iOS -->
