<?xml version="1.0" encoding="UTF-8"?>
<!-- Generated by org.testng.reporters.JUnitReportReporter -->
<testsuite hostname="Gilbertos-MacBook-Pro.local" failures="0" tests="1" name="com.mobileframework.InitialTests" time="5.388" errors="0" timestamp="2024-01-10T14:49:13 CST" skipped="0">
  <testcase classname="com.mobileframework.InitialTests" name="initialTest1" time="5.388"/>
  <system-out/>
</testsuite> <!-- com.mobileframework.InitialTests -->
